<?xml version="1.0" encoding="UTF-8"?>
<!-- Generated by org.testng.reporters.JUnitXMLReporter -->
<testsuite hostname="Venkat" ignored="2" name="Test" tests="3" failures="0" timestamp="30 Jan 2019 09:55:56 GMT" time="46.696" errors="0">
  <testcase name="verify_login" time="4.701" classname="com.Sample.Firstmavenproject.Testexcution"/>
  <testcase name="verify_roleclick" time="2.644" classname="com.Sample.Firstmavenproject.Testexcution"/>
  <testcase name="verify_rolecreation" time="1.698" classname="com.Sample.Firstmavenproject.Testexcution"/>
  <testcase name="verify_branchclick" time="0.0" classname="com.Sample.Firstmavenproject.Testexcution">
    <ignored/>
  </testcase> <!-- verify_branchclick -->
  <testcase name="verify_branchcreation" time="0.0" classname="com.Sample.Firstmavenproject.Testexcution">
    <ignored/>
  </testcase> <!-- verify_branchcreation -->
</testsuite> <!-- Test -->
