<?xml version="1.0" encoding="UTF-8"?>
<!-- Generated by org.testng.reporters.JUnitXMLReporter -->
<testsuite hostname="Venkat" ignored="2" name="Default test" tests="3" failures="0" timestamp="03 Oct 2018 19:22:45 GMT" time="57.865" errors="0">
  <testcase name="verify_login" time="3.635" classname="com.Sample.Firstmavenproject.Testexcution"/>
  <testcase name="verify_roleclick" time="1.778" classname="com.Sample.Firstmavenproject.Testexcution"/>
  <testcase name="verify_rolecreation" time="1.992" classname="com.Sample.Firstmavenproject.Testexcution"/>
  <testcase name="verify_branchclick" time="0.0" classname="com.Sample.Firstmavenproject.Testexcution">
    <ignored/>
  </testcase> <!-- verify_branchclick -->
  <testcase name="verify_branchcreation" time="0.0" classname="com.Sample.Firstmavenproject.Testexcution">
    <ignored/>
  </testcase> <!-- verify_branchcreation -->
</testsuite> <!-- Default test -->
